# JRE version: Java(TM) SE Runtime Environment (8.0_144-b01) (build 1.8.0_144-b01)
# Java VM: Java HotSpot(TM) 64-Bit Server VM (25.144-b01 mixed mode windows-amd64 compressed oops)
Heap:
 PSYoungGen      total 130560K, used 18625K [0x00000000e0000000, 0x00000000e9800000, 0x0000000100000000)
  eden space 112640K, 4% used [0x00000000e0000000,0x00000000e0469960,0x00000000e6e00000)
  from space 17920K, 78% used [0x00000000e8680000,0x00000000e9446d00,0x00000000e9800000)
  to   space 21504K, 0% used [0x00000000e6e00000,0x00000000e6e00000,0x00000000e8300000)
 ParOldGen       total 83968K, used 18599K [0x00000000a0000000, 0x00000000a5200000, 0x00000000e0000000)
  object space 83968K, 22% used [0x00000000a0000000,0x00000000a1229d50,0x00000000a5200000)
 Metaspace       used 52797K, capacity 55390K, committed 55552K, reserved 1097728K
  class space    used 7370K, capacity 7834K, committed 7936K, reserved 1048576K
GC Heap History (10 events):
Event: 216740.618 GC heap before
{Heap before GC invocations=18 (full 2):
 PSYoungGen      total 146944K, used 146859K [0x00000000e0000000, 0x00000000eaa00000, 0x0000000100000000)
  eden space 132096K, 100% used [0x00000000e0000000,0x00000000e8100000,0x00000000e8100000)
  from space 14848K, 99% used [0x00000000e8580000,0x00000000e93eae20,0x00000000e9400000)
  to   space 20992K, 0% used [0x00000000e9580000,0x00000000e9580000,0x00000000eaa00000)
 ParOldGen       total 83968K, used 18599K [0x00000000a0000000, 0x00000000a5200000, 0x00000000e0000000)
  object space 83968K, 22% used [0x00000000a0000000,0x00000000a1229d50,0x00000000a5200000)
 Metaspace       used 52796K, capacity 55390K, committed 55552K, reserved 1097728K
  class space    used 7370K, capacity 7834K, committed 7936K, reserved 1048576K
Event: 216741.361 GC heap after
Heap after GC invocations=18 (full 2):
 PSYoungGen      total 145920K, used 14219K [0x00000000e0000000, 0x00000000ea700000, 0x0000000100000000)
  eden space 128000K, 0% used [0x00000000e0000000,0x00000000e0000000,0x00000000e7d00000)
  from space 17920K, 79% used [0x00000000e9580000,0x00000000ea362d70,0x00000000ea700000)
  to   space 21504K, 0% used [0x00000000e7d00000,0x00000000e7d00000,0x00000000e9200000)
 ParOldGen       total 83968K, used 18599K [0x00000000a0000000, 0x00000000a5200000, 0x00000000e0000000)
  object space 83968K, 22% used [0x00000000a0000000,0x00000000a1229d50,0x00000000a5200000)
 Metaspace       used 52796K, capacity 55390K, committed 55552K, reserved 1097728K
  class space    used 7370K, capacity 7834K, committed 7936K, reserved 1048576K
}
Event: 252404.988 GC heap before
{Heap before GC invocations=19 (full 2):
 PSYoungGen      total 145920K, used 142219K [0x00000000e0000000, 0x00000000ea700000, 0x0000000100000000)
  eden space 128000K, 100% used [0x00000000e0000000,0x00000000e7d00000,0x00000000e7d00000)
  from space 17920K, 79% used [0x00000000e9580000,0x00000000ea362d70,0x00000000ea700000)
  to   space 21504K, 0% used [0x00000000e7d00000,0x00000000e7d00000,0x00000000e9200000)
 ParOldGen       total 83968K, used 18599K [0x00000000a0000000, 0x00000000a5200000, 0x00000000e0000000)
  object space 83968K, 22% used [0x00000000a0000000,0x00000000a1229d50,0x00000000a5200000)
 Metaspace       used 52796K, capacity 55390K, committed 55552K, reserved 1097728K
  class space    used 7370K, capacity 7834K, committed 7936K, reserved 1048576K
Event: 252405.302 GC heap after
Heap after GC invocations=19 (full 2):
 PSYoungGen      total 138240K, used 14299K [0x00000000e0000000, 0x00000000ea300000, 0x0000000100000000)
  eden space 123904K, 0% used [0x00000000e0000000,0x00000000e0000000,0x00000000e7900000)
  from space 14336K, 99% used [0x00000000e7d00000,0x00000000e8af6d60,0x00000000e8b00000)
  to   space 21504K, 0% used [0x00000000e8e00000,0x00000000e8e00000,0x00000000ea300000)
 ParOldGen       total 83968K, used 18599K [0x00000000a0000000, 0x00000000a5200000, 0x00000000e0000000)
  object space 83968K, 22% used [0x00000000a0000000,0x00000000a1229d50,0x00000000a5200000)
 Metaspace       used 52796K, capacity 55390K, committed 55552K, reserved 1097728K
  class space    used 7370K, capacity 7834K, committed 7936K, reserved 1048576K
}
Event: 287872.486 GC heap before
{Heap before GC invocations=20 (full 2):
 PSYoungGen      total 138240K, used 138203K [0x00000000e0000000, 0x00000000ea300000, 0x0000000100000000)
  eden space 123904K, 100% used [0x00000000e0000000,0x00000000e7900000,0x00000000e7900000)
  from space 14336K, 99% used [0x00000000e7d00000,0x00000000e8af6d60,0x00000000e8b00000)
  to   space 21504K, 0% used [0x00000000e8e00000,0x00000000e8e00000,0x00000000ea300000)
 ParOldGen       total 83968K, used 18599K [0x00000000a0000000, 0x00000000a5200000, 0x00000000e0000000)
  object space 83968K, 22% used [0x00000000a0000000,0x00000000a1229d50,0x00000000a5200000)
 Metaspace       used 52796K, capacity 55390K, committed 55552K, reserved 1097728K
  class space    used 7370K, capacity 7834K, committed 7936K, reserved 1048576K
Event: 287873.074 GC heap after
Heap after GC invocations=20 (full 2):
 PSYoungGen      total 137216K, used 14219K [0x00000000e0000000, 0x00000000e9f00000, 0x0000000100000000)
  eden space 119808K, 0% used [0x00000000e0000000,0x00000000e0000000,0x00000000e7500000)
  from space 17408K, 81% used [0x00000000e8e00000,0x00000000e9be2d10,0x00000000e9f00000)
  to   space 21504K, 0% used [0x00000000e7500000,0x00000000e7500000,0x00000000e8a00000)
 ParOldGen       total 83968K, used 18599K [0x00000000a0000000, 0x00000000a5200000, 0x00000000e0000000)
  object space 83968K, 22% used [0x00000000a0000000,0x00000000a1229d50,0x00000000a5200000)
 Metaspace       used 52796K, capacity 55390K, committed 55552K, reserved 1097728K
  class space    used 7370K, capacity 7834K, committed 7936K, reserved 1048576K
}
Event: 323175.964 GC heap before
{Heap before GC invocations=21 (full 2):
 PSYoungGen      total 137216K, used 134027K [0x00000000e0000000, 0x00000000e9f00000, 0x0000000100000000)
  eden space 119808K, 100% used [0x00000000e0000000,0x00000000e7500000,0x00000000e7500000)
  from space 17408K, 81% used [0x00000000e8e00000,0x00000000e9be2d10,0x00000000e9f00000)
  to   space 21504K, 0% used [0x00000000e7500000,0x00000000e7500000,0x00000000e8a00000)
 ParOldGen       total 83968K, used 18599K [0x00000000a0000000, 0x00000000a5200000, 0x00000000e0000000)
  object space 83968K, 22% used [0x00000000a0000000,0x00000000a1229d50,0x00000000a5200000)
 Metaspace       used 52796K, capacity 55390K, committed 55552K, reserved 1097728K
  class space    used 7370K, capacity 7834K, committed 7936K, reserved 1048576K
Event: 323176.330 GC heap after
Heap after GC invocations=21 (full 2):
 PSYoungGen      total 130560K, used 13995K [0x00000000e0000000, 0x00000000e9b80000, 0x0000000100000000)
  eden space 116224K, 0% used [0x00000000e0000000,0x00000000e0000000,0x00000000e7180000)
  from space 14336K, 97% used [0x00000000e7500000,0x00000000e82aacd0,0x00000000e8300000)
  to   space 21504K, 0% used [0x00000000e8680000,0x00000000e8680000,0x00000000e9b80000)
 ParOldGen       total 83968K, used 18599K [0x00000000a0000000, 0x00000000a5200000, 0x00000000e0000000)
  object space 83968K, 22% used [0x00000000a0000000,0x00000000a1229d50,0x00000000a5200000)
 Metaspace       used 52796K, capacity 55390K, committed 55552K, reserved 1097728K
  class space    used 7370K, capacity 7834K, committed 7936K, reserved 1048576K
}
Event: 357332.430 GC heap before
{Heap before GC invocations=22 (full 2):
 PSYoungGen      total 130560K, used 130219K [0x00000000e0000000, 0x00000000e9b80000, 0x0000000100000000)
  eden space 116224K, 100% used [0x00000000e0000000,0x00000000e7180000,0x00000000e7180000)
  from space 14336K, 97% used [0x00000000e7500000,0x00000000e82aacd0,0x00000000e8300000)
  to   space 21504K, 0% used [0x00000000e8680000,0x00000000e8680000,0x00000000e9b80000)
 ParOldGen       total 83968K, used 18599K [0x00000000a0000000, 0x00000000a5200000, 0x00000000e0000000)
  object space 83968K, 22% used [0x00000000a0000000,0x00000000a1229d50,0x00000000a5200000)
 Metaspace       used 52796K, capacity 55390K, committed 55552K, reserved 1097728K
  class space    used 7370K, capacity 7834K, committed 7936K, reserved 1048576K
Event: 357333.694 GC heap after
Heap after GC invocations=22 (full 2):
 PSYoungGen      total 130560K, used 14107K [0x00000000e0000000, 0x00000000e9800000, 0x0000000100000000)
  eden space 112640K, 0% used [0x00000000e0000000,0x00000000e0000000,0x00000000e6e00000)
  from space 17920K, 78% used [0x00000000e8680000,0x00000000e9446d00,0x00000000e9800000)
  to   space 21504K, 0% used [0x00000000e6e00000,0x00000000e6e00000,0x00000000e8300000)
 ParOldGen       total 83968K, used 18599K [0x00000000a0000000, 0x00000000a5200000, 0x00000000e0000000)
  object space 83968K, 22% used [0x00000000a0000000,0x00000000a1229d50,0x00000000a5200000)
 Metaspace       used 52796K, capacity 55390K, committed 55552K, reserved 1097728K
  class space    used 7370K, capacity 7834K, committed 7936K, reserved 1048576K
}

